-------------------------------------------------------------------------------
Test set: mx.tec.lab.TestHtmlApplicationTests
-------------------------------------------------------------------------------
Tests run: 1, Failures: 1, Errors: 0, Skipped: 0, Time elapsed: 21.883 s <<< FAILURE! - in mx.tec.lab.TestHtmlApplicationTests
givenAClient_whenEnteringAutomationPractice_thenPageTitleIsCorrect  Time elapsed: 20.754 s  <<< FAILURE!
org.opentest4j.AssertionFailedError: expected: <MY Store> but was: <My Store>
	at mx.tec.lab.TestHtmlApplicationTests.givenAClient_whenEnteringAutomationPractice_thenPageTitleIsCorrect(TestHtmlApplicationTests.java:34)

