<?xml version="1.0" encoding="UTF-8"?>
<testsuite xmlns:xsi="http://www.w3.org/2001/XMLSchema-instance" xsi:noNamespaceSchemaLocation="https://maven.apache.org/surefire/maven-surefire-plugin/xsd/surefire-test-report.xsd" name="mx.tec.lab.TestHtmlApplicationTests" time="21.883" tests="1" errors="0" skipped="0" failures="1">
  <properties>
[...]
</properties>
  <testcase name="givenAClient_whenEnteringAutomationPractice_thenPageTitleIsCorrect" classname="mx.tec.lab.TestHtmlApplicationTests" time="20.754">
    <failure message="expected: &lt;MY Store&gt; but was: &lt;My Store&gt;" type="org.opentest4j.AssertionFailedError"><![CDATA[org.opentest4j.AssertionFailedError: expected: <MY Store> but was: <My Store>
	at mx.tec.lab.TestHtmlApplicationTests.givenAClient_whenEnteringAutomationPractice_thenPageTitleIsCorrect(TestHtmlApplicationTests.java:34)
]]></failure>
    <system-out><![CDATA[20:52:14.732 [main] DEBUG org.springframework.test.context.BootstrapUtils - Instantiating CacheAwareContextLoaderDelegate from class [org.springframework.test.context.cache.DefaultCacheAwareContextLoaderDelegate]
20:52:14.748 [main] DEBUG org.springframework.test.context.BootstrapUtils - Instantiating BootstrapContext using constructor [public org.springframework.test.context.support.DefaultBootstrapContext(java.lang.Class,org.springframework.test.context.CacheAwareContextLoaderDelegate)]
20:52:14.776 [main] DEBUG org.springframework.test.context.BootstrapUtils - Instantiating TestContextBootstrapper for test class [mx.tec.lab.TestHtmlApplicationTests] from class [org.springframework.boot.test.context.SpringBootTestContextBootstrapper]
20:52:14.792 [main] INFO org.springframework.boot.test.context.SpringBootTestContextBootstrapper - Neither @ContextConfiguration nor @ContextHierarchy found for test class [mx.tec.lab.TestHtmlApplicationTests], using SpringBootContextLoader
20:52:14.797 [main] DEBUG org.springframework.test.context.support.AbstractContextLoader - Did not detect default resource location for test class [mx.tec.lab.TestHtmlApplicationTests]: class path resource [mx/tec/lab/TestHtmlApplicationTests-context.xml] does not exist
20:52:14.798 [main] DEBUG org.springframework.test.context.support.AbstractContextLoader - Did not detect default resource location for test class [mx.tec.lab.TestHtmlApplicationTests]: class path resource [mx/tec/lab/TestHtmlApplicationTestsContext.groovy] does not exist
20:52:14.798 [main] INFO org.springframework.test.context.support.AbstractContextLoader - Could not detect default resource locations for test class [mx.tec.lab.TestHtmlApplicationTests]: no resource found for suffixes {-context.xml, Context.groovy}.
20:52:14.799 [main] INFO org.springframework.test.context.support.AnnotationConfigContextLoaderUtils - Could not detect default configuration classes for test class [mx.tec.lab.TestHtmlApplicationTests]: TestHtmlApplicationTests does not declare any static, non-private, non-final, nested classes annotated with @Configuration.
20:52:14.837 [main] DEBUG org.springframework.test.context.support.ActiveProfilesUtils - Could not find an 'annotation declaring class' for annotation type [org.springframework.test.context.ActiveProfiles] and class [mx.tec.lab.TestHtmlApplicationTests]
20:52:14.938 [main] DEBUG org.springframework.context.annotation.ClassPathScanningCandidateComponentProvider - Identified candidate component class: file [C:\Users\Yessica\Documents\workspace-spring-tool-suite-4-4.5.1.RELEASE\testHtml\target\classes\mx\tec\lab\TestHtmlApplication.class]
20:52:14.939 [main] INFO org.springframework.boot.test.context.SpringBootTestContextBootstrapper - Found @SpringBootConfiguration mx.tec.lab.TestHtmlApplication for test class mx.tec.lab.TestHtmlApplicationTests
20:52:15.023 [main] DEBUG org.springframework.boot.test.context.SpringBootTestContextBootstrapper - @TestExecutionListeners is not present for class [mx.tec.lab.TestHtmlApplicationTests]: using defaults.
20:52:15.024 [main] INFO org.springframework.boot.test.context.SpringBootTestContextBootstrapper - Loaded default TestExecutionListener class names from location [META-INF/spring.factories]: [org.springframework.boot.test.mock.mockito.MockitoTestExecutionListener, org.springframework.boot.test.mock.mockito.ResetMocksTestExecutionListener, org.springframework.boot.test.autoconfigure.restdocs.RestDocsTestExecutionListener, org.springframework.boot.test.autoconfigure.web.client.MockRestServiceServerResetTestExecutionListener, org.springframework.boot.test.autoconfigure.web.servlet.MockMvcPrintOnlyOnFailureTestExecutionListener, org.springframework.boot.test.autoconfigure.web.servlet.WebDriverTestExecutionListener, org.springframework.test.context.web.ServletTestExecutionListener, org.springframework.test.context.support.DirtiesContextBeforeModesTestExecutionListener, org.springframework.test.context.support.DependencyInjectionTestExecutionListener, org.springframework.test.context.support.DirtiesContextTestExecutionListener, org.springframework.test.context.transaction.TransactionalTestExecutionListener, org.springframework.test.context.jdbc.SqlScriptsTestExecutionListener, org.springframework.test.context.event.EventPublishingTestExecutionListener]
20:52:15.031 [main] DEBUG org.springframework.boot.test.context.SpringBootTestContextBootstrapper - Skipping candidate TestExecutionListener [org.springframework.test.context.web.ServletTestExecutionListener] due to a missing dependency. Specify custom listener classes or make the default listener classes and their required dependencies available. Offending class: [javax/servlet/ServletContext]
20:52:15.032 [main] DEBUG org.springframework.boot.test.context.SpringBootTestContextBootstrapper - Skipping candidate TestExecutionListener [org.springframework.test.context.transaction.TransactionalTestExecutionListener] due to a missing dependency. Specify custom listener classes or make the default listener classes and their required dependencies available. Offending class: [org/springframework/transaction/interceptor/TransactionAttributeSource]
20:52:15.033 [main] DEBUG org.springframework.boot.test.context.SpringBootTestContextBootstrapper - Skipping candidate TestExecutionListener [org.springframework.test.context.jdbc.SqlScriptsTestExecutionListener] due to a missing dependency. Specify custom listener classes or make the default listener classes and their required dependencies available. Offending class: [org/springframework/transaction/interceptor/TransactionAttribute]
20:52:15.033 [main] INFO org.springframework.boot.test.context.SpringBootTestContextBootstrapper - Using TestExecutionListeners: [org.springframework.test.context.support.DirtiesContextBeforeModesTestExecutionListener@7c51f34b, org.springframework.boot.test.mock.mockito.MockitoTestExecutionListener@5495333e, org.springframework.boot.test.autoconfigure.SpringBootDependencyInjectionTestExecutionListener@2a225dd7, org.springframework.test.context.support.DirtiesContextTestExecutionListener@61eaec38, org.springframework.test.context.event.EventPublishingTestExecutionListener@125290e5, org.springframework.boot.test.mock.mockito.ResetMocksTestExecutionListener@6fa34d52, org.springframework.boot.test.autoconfigure.restdocs.RestDocsTestExecutionListener@57576994, org.springframework.boot.test.autoconfigure.web.client.MockRestServiceServerResetTestExecutionListener@616ac46a, org.springframework.boot.test.autoconfigure.web.servlet.MockMvcPrintOnlyOnFailureTestExecutionListener@67b9b51a, org.springframework.boot.test.autoconfigure.web.servlet.WebDriverTestExecutionListener@1205bd62]
20:52:15.036 [main] DEBUG org.springframework.test.context.support.AbstractDirtiesContextTestExecutionListener - Before test class: context [DefaultTestContext@6d026701 testClass = TestHtmlApplicationTests, testInstance = [null], testMethod = [null], testException = [null], mergedContextConfiguration = [MergedContextConfiguration@78aa1f72 testClass = TestHtmlApplicationTests, locations = '{}', classes = '{class mx.tec.lab.TestHtmlApplication}', contextInitializerClasses = '[]', activeProfiles = '{}', propertySourceLocations = '{}', propertySourceProperties = '{org.springframework.boot.test.context.SpringBootTestContextBootstrapper=true}', contextCustomizers = set[org.springframework.boot.test.context.filter.ExcludeFilterContextCustomizer@3972a855, org.springframework.boot.test.json.DuplicateJsonObjectContextCustomizerFactory$DuplicateJsonObjectContextCustomizer@6a370f4, org.springframework.boot.test.mock.mockito.MockitoContextCustomizer@0, org.springframework.boot.test.web.client.TestRestTemplateContextCustomizer@62230c58, org.springframework.boot.test.autoconfigure.properties.PropertyMappingContextCustomizer@0, org.springframework.boot.test.autoconfigure.web.servlet.WebDriverContextCustomizerFactory$Customizer@31e5415e], contextLoader = 'org.springframework.boot.test.context.SpringBootContextLoader', parent = [null]], attributes = map[[empty]]], class annotated with @DirtiesContext [false] with mode [null].
20:52:15.048 [main] DEBUG org.springframework.test.context.support.DependencyInjectionTestExecutionListener - Performing dependency injection for test context [[DefaultTestContext@6d026701 testClass = TestHtmlApplicationTests, testInstance = mx.tec.lab.TestHtmlApplicationTests@13d4992d, testMethod = [null], testException = [null], mergedContextConfiguration = [MergedContextConfiguration@78aa1f72 testClass = TestHtmlApplicationTests, locations = '{}', classes = '{class mx.tec.lab.TestHtmlApplication}', contextInitializerClasses = '[]', activeProfiles = '{}', propertySourceLocations = '{}', propertySourceProperties = '{org.springframework.boot.test.context.SpringBootTestContextBootstrapper=true}', contextCustomizers = set[org.springframework.boot.test.context.filter.ExcludeFilterContextCustomizer@3972a855, org.springframework.boot.test.json.DuplicateJsonObjectContextCustomizerFactory$DuplicateJsonObjectContextCustomizer@6a370f4, org.springframework.boot.test.mock.mockito.MockitoContextCustomizer@0, org.springframework.boot.test.web.client.TestRestTemplateContextCustomizer@62230c58, org.springframework.boot.test.autoconfigure.properties.PropertyMappingContextCustomizer@0, org.springframework.boot.test.autoconfigure.web.servlet.WebDriverContextCustomizerFactory$Customizer@31e5415e], contextLoader = 'org.springframework.boot.test.context.SpringBootContextLoader', parent = [null]], attributes = map[[empty]]]].
20:52:15.066 [main] DEBUG org.springframework.test.context.support.TestPropertySourceUtils - Adding inlined properties to environment: {spring.jmx.enabled=false, org.springframework.boot.test.context.SpringBootTestContextBootstrapper=true, server.port=-1}

  .   ____          _            __ _ _
 /\\ / ___'_ __ _ _(_)_ __  __ _ \ \ \ \
( ( )\___ | '_ | '_| | '_ \/ _` | \ \ \ \
 \\/  ___)| |_)| | | | | || (_| |  ) ) ) )
  '  |____| .__|_| |_|_| |_\__, | / / / /
 =========|_|==============|___/=/_/_/_/
 :: Spring Boot ::        (v2.2.6.RELEASE)

2020-04-13 20:52:15.304  INFO 14408 --- [           main] mx.tec.lab.TestHtmlApplicationTests      : Starting TestHtmlApplicationTests on DESKTOP-3STTIL1 with PID 14408 (started by Yessica in C:\Users\Yessica\Documents\workspace-spring-tool-suite-4-4.5.1.RELEASE\testHtml)
2020-04-13 20:52:15.306  INFO 14408 --- [           main] mx.tec.lab.TestHtmlApplicationTests      : No active profile set, falling back to default profiles: default
2020-04-13 20:52:15.784  INFO 14408 --- [           main] mx.tec.lab.TestHtmlApplicationTests      : Started TestHtmlApplicationTests in 0.714 seconds (JVM running for 1.649)
2020-04-13 20:52:21.767  WARN 14408 --- [           main] c.g.htmlunit.DefaultCssErrorHandler      : CSS error: 'http://automationpractice.com/themes/default-bootstrap/css/global.css' [3831:3] Error in declaration. '*' is not allowed as first char of a property.
2020-04-13 20:52:21.773  WARN 14408 --- [           main] c.g.htmlunit.DefaultCssErrorHandler      : CSS error: 'http://automationpractice.com/themes/default-bootstrap/css/global.css' [4036:5] Error in declaration. '*' is not allowed as first char of a property.
2020-04-13 20:52:21.773  WARN 14408 --- [           main] c.g.htmlunit.DefaultCssErrorHandler      : CSS error: 'http://automationpractice.com/themes/default-bootstrap/css/global.css' [4039:5] Error in declaration. '*' is not allowed as first char of a property.
2020-04-13 20:52:22.135  WARN 14408 --- [           main] c.g.htmlunit.DefaultCssErrorHandler      : CSS error: 'http://automationpractice.com/themes/default-bootstrap/css/autoload/uniform.default.css' [147:5] Error in declaration. '*' is not allowed as first char of a property.
2020-04-13 20:52:22.136  WARN 14408 --- [           main] c.g.htmlunit.DefaultCssErrorHandler      : CSS error: 'http://automationpractice.com/themes/default-bootstrap/css/autoload/uniform.default.css' [161:5] Error in declaration. '*' is not allowed as first char of a property.
2020-04-13 20:52:22.137  WARN 14408 --- [           main] c.g.htmlunit.DefaultCssErrorHandler      : CSS error: 'http://automationpractice.com/themes/default-bootstrap/css/autoload/uniform.default.css' [190:5] Error in declaration. '*' is not allowed as first char of a property.
2020-04-13 20:52:22.143  WARN 14408 --- [           main] c.g.htmlunit.DefaultCssErrorHandler      : CSS error: 'http://automationpractice.com/themes/default-bootstrap/css/autoload/uniform.default.css' [204:5] Error in declaration. '*' is not allowed as first char of a property.
2020-04-13 20:52:22.148  WARN 14408 --- [           main] c.g.htmlunit.DefaultCssErrorHandler      : CSS error: 'http://automationpractice.com/themes/default-bootstrap/css/autoload/uniform.default.css' [288:5] Error in declaration. '*' is not allowed as first char of a property.
2020-04-13 20:52:24.303  WARN 14408 --- [           main] c.g.htmlunit.DefaultCssErrorHandler      : CSS error: 'http://automationpractice.com/themes/default-bootstrap/css/modules/homeslider/homeslider.css' [72:3] Error in declaration. '*' is not allowed as first char of a property.
2020-04-13 20:52:24.304  WARN 14408 --- [           main] c.g.htmlunit.DefaultCssErrorHandler      : CSS error: 'http://automationpractice.com/themes/default-bootstrap/css/modules/homeslider/homeslider.css' [105:3] Error in declaration. '*' is not allowed as first char of a property.
2020-04-13 20:52:24.304  WARN 14408 --- [           main] c.g.htmlunit.DefaultCssErrorHandler      : CSS error: 'http://automationpractice.com/themes/default-bootstrap/css/modules/homeslider/homeslider.css' [106:3] Error in declaration. '*' is not allowed as first char of a property.
2020-04-13 20:52:32.028  WARN 14408 --- [           main] c.g.htmlunit.DefaultCssErrorHandler      : CSS error: 'http://automationpractice.com/themes/default-bootstrap/css/global.css' [3831:3] Error in declaration. '*' is not allowed as first char of a property.
2020-04-13 20:52:32.031  WARN 14408 --- [           main] c.g.htmlunit.DefaultCssErrorHandler      : CSS error: 'http://automationpractice.com/themes/default-bootstrap/css/global.css' [4036:5] Error in declaration. '*' is not allowed as first char of a property.
2020-04-13 20:52:32.031  WARN 14408 --- [           main] c.g.htmlunit.DefaultCssErrorHandler      : CSS error: 'http://automationpractice.com/themes/default-bootstrap/css/global.css' [4039:5] Error in declaration. '*' is not allowed as first char of a property.
2020-04-13 20:52:32.169  WARN 14408 --- [           main] c.g.htmlunit.DefaultCssErrorHandler      : CSS error: 'http://automationpractice.com/themes/default-bootstrap/css/autoload/uniform.default.css' [147:5] Error in declaration. '*' is not allowed as first char of a property.
2020-04-13 20:52:32.171  WARN 14408 --- [           main] c.g.htmlunit.DefaultCssErrorHandler      : CSS error: 'http://automationpractice.com/themes/default-bootstrap/css/autoload/uniform.default.css' [161:5] Error in declaration. '*' is not allowed as first char of a property.
2020-04-13 20:52:32.174  WARN 14408 --- [           main] c.g.htmlunit.DefaultCssErrorHandler      : CSS error: 'http://automationpractice.com/themes/default-bootstrap/css/autoload/uniform.default.css' [190:5] Error in declaration. '*' is not allowed as first char of a property.
2020-04-13 20:52:32.175  WARN 14408 --- [           main] c.g.htmlunit.DefaultCssErrorHandler      : CSS error: 'http://automationpractice.com/themes/default-bootstrap/css/autoload/uniform.default.css' [204:5] Error in declaration. '*' is not allowed as first char of a property.
2020-04-13 20:52:32.182  WARN 14408 --- [           main] c.g.htmlunit.DefaultCssErrorHandler      : CSS error: 'http://automationpractice.com/themes/default-bootstrap/css/autoload/uniform.default.css' [288:5] Error in declaration. '*' is not allowed as first char of a property.
2020-04-13 20:52:32.268  WARN 14408 --- [           main] c.g.htmlunit.DefaultCssErrorHandler      : CSS error: 'http://automationpractice.com/themes/default-bootstrap/css/modules/homeslider/homeslider.css' [72:3] Error in declaration. '*' is not allowed as first char of a property.
2020-04-13 20:52:32.270  WARN 14408 --- [           main] c.g.htmlunit.DefaultCssErrorHandler      : CSS error: 'http://automationpractice.com/themes/default-bootstrap/css/modules/homeslider/homeslider.css' [105:3] Error in declaration. '*' is not allowed as first char of a property.
2020-04-13 20:52:32.270  WARN 14408 --- [           main] c.g.htmlunit.DefaultCssErrorHandler      : CSS error: 'http://automationpractice.com/themes/default-bootstrap/css/modules/homeslider/homeslider.css' [106:3] Error in declaration. '*' is not allowed as first char of a property.
2020-04-13 20:52:35.415  WARN 14408 --- [           main] c.g.htmlunit.IncorrectnessListenerImpl   : Obsolete content type encountered: 'application/x-javascript'.
2020-04-13 20:52:36.130  WARN 14408 --- [           main] c.g.htmlunit.IncorrectnessListenerImpl   : Obsolete content type encountered: 'application/x-javascript'.
]]></system-out>
  </testcase>
</testsuite>